<?xml version="1.0" encoding="UTF-8"?>
<!-- Generated by org.testng.reporters.JUnitXMLReporter -->
<testsuite ignored="0" hostname="MSI" failures="0" tests="10" name="Default test" time="0.631" errors="0" timestamp="05 mars 2021 15:44:24 GMT">
  <testcase classname="com.amazon.automationExercice.AutomationExerciceWithCSV" name="scenarioUsingCsv" time="0.0">
    <skipped/>
  </testcase> <!-- scenarioUsingCsv -->
  <testcase classname="com.amazon.automationExercice.AutomationExerciceWithCSV" name="scenarioUsingCsv" time="0.0">
    <skipped/>
  </testcase> <!-- scenarioUsingCsv -->
  <testcase classname="com.amazon.automationExercice.AutomationExerciceWithCSV" name="scenarioUsingCsv" time="0.0">
    <skipped/>
  </testcase> <!-- scenarioUsingCsv -->
  <testcase classname="com.amazon.automationExercice.AutomationExerciceWithCSV" name="scenarioUsingCsv" time="0.0">
    <skipped/>
  </testcase> <!-- scenarioUsingCsv -->
  <testcase classname="com.amazon.automationExercice.AutomationExerciceWithCSV" name="scenarioUsingCsv" time="0.0">
    <skipped/>
  </testcase> <!-- scenarioUsingCsv -->
  <testcase classname="com.amazon.automationExercice.AutomationExerciceWithCSV" name="scenarioUsingCsv" time="0.0">
    <skipped/>
  </testcase> <!-- scenarioUsingCsv -->
  <testcase classname="com.amazon.automationExercice.AutomationExerciceWithCSV" name="scenarioUsingCsv" time="0.0">
    <skipped/>
  </testcase> <!-- scenarioUsingCsv -->
  <testcase classname="com.amazon.automationExercice.AutomationExerciceWithCSV" name="scenarioUsingCsv" time="0.0">
    <skipped/>
  </testcase> <!-- scenarioUsingCsv -->
  <testcase classname="com.amazon.automationExercice.AutomationExerciceWithCSV" name="scenarioUsingCsv" time="0.0">
    <skipped/>
  </testcase> <!-- scenarioUsingCsv -->
  <testcase classname="com.amazon.automationExercice.AutomationExerciceWithCSV" name="scenarioUsingCsv" time="0.0">
    <skipped/>
  </testcase> <!-- scenarioUsingCsv -->
</testsuite> <!-- Default test -->
