<?xml version="1.0" encoding="UTF-8"?>
<!-- Generated by org.testng.reporters.JUnitXMLReporter -->
<testsuite ignored="0" hostname="MSI" failures="1" tests="5" name="AutomationExerciseUsingFirefox" time="150.395" errors="0" timestamp="05 mars 2021 13:40:10 GMT">
  <testcase classname="com.amazon.automationExercice.AutomationExercise" name="scenario" time="25.958"/>
  <testcase classname="com.amazon.automationExercice.AutomationExercise" name="scenario" time="25.177"/>
  <testcase classname="com.amazon.automationExercice.AutomationExercise" name="scenario" time="24.884"/>
  <testcase classname="com.amazon.automationExercice.AutomationExercise" name="scenario" time="28.072"/>
  <testcase classname="com.amazon.automationExercice.AutomationExercise" name="scenario" time="13.039">
    <failure type="java.lang.AssertionError" message="Total is not correct! It is 20.72 and should be 23.3! expected [23.3] but found [20.72]">
      <![CDATA[java.lang.AssertionError: Total is not correct! It is 20.72 and should be 23.3! expected [23.3] but found [20.72]
at com.amazon.automationExercice.AutomationExercise.scenario(AutomationExercise.java:50)
at java.base/java.util.concurrent.FutureTask.run(FutureTask.java:264)
at java.base/java.util.concurrent.ThreadPoolExecutor.runWorker(ThreadPoolExecutor.java:1128)
at java.base/java.util.concurrent.ThreadPoolExecutor$Worker.run(ThreadPoolExecutor.java:628)
at java.base/java.lang.Thread.run(Thread.java:834)
... Removed 20 stack frames]]>
    </failure>
  </testcase> <!-- scenario -->
</testsuite> <!-- AutomationExerciseUsingFirefox -->
