<?xml version="1.0" encoding="UTF-8"?>
<!-- Generated by org.testng.reporters.JUnitXMLReporter -->
<testsuite ignored="0" hostname="MSI" failures="0" tests="5" name="AutomationExerciseUsingChrome" time="147.717" errors="0" timestamp="05 mars 2021 13:40:07 GMT">
  <testcase classname="com.amazon.automationExercice.AutomationExercise" name="scenario" time="27.233"/>
  <testcase classname="com.amazon.automationExercice.AutomationExercise" name="scenario" time="28.686"/>
  <testcase classname="com.amazon.automationExercice.AutomationExercise" name="scenario" time="27.884"/>
  <testcase classname="com.amazon.automationExercice.AutomationExercise" name="scenario" time="26.51"/>
  <testcase classname="com.amazon.automationExercice.AutomationExercise" name="scenario" time="26.396"/>
</testsuite> <!-- AutomationExerciseUsingChrome -->
