<?xml version="1.0" encoding="UTF-8"?>
<!-- Generated by org.testng.reporters.JUnitXMLReporter -->
<testsuite ignored="0" hostname="MSI" failures="1" tests="1" name="AutomationExerciseUsingFirefox" time="20.367" errors="0" timestamp="05 mars 2021 16:30:08 GMT">
  <testcase classname="com.amazon.automationExercice.AutomationExercise" name="scenarioUsingParameters" time="14.875">
    <failure type="java.lang.AssertionError" message="Total is not correct! It is 20.72 and should be 23.3! expected [23.3] but found [20.72]">
      <![CDATA[java.lang.AssertionError: Total is not correct! It is 20.72 and should be 23.3! expected [23.3] but found [20.72]
at com.amazon.automationExercice.AutomationExercise.scenarioUsingParameters(AutomationExercise.java:50)
at java.base/java.util.concurrent.FutureTask.run(FutureTask.java:264)
at java.base/java.util.concurrent.ThreadPoolExecutor.runWorker(ThreadPoolExecutor.java:1128)
at java.base/java.util.concurrent.ThreadPoolExecutor$Worker.run(ThreadPoolExecutor.java:628)
at java.base/java.lang.Thread.run(Thread.java:834)
... Removed 20 stack frames]]>
    </failure>
  </testcase> <!-- scenarioUsingParameters -->
</testsuite> <!-- AutomationExerciseUsingFirefox -->
