<?xml version="1.0" encoding="UTF-8"?>
<!-- Generated by org.testng.reporters.JUnitXMLReporter -->
<testsuite ignored="0" hostname="MSI" failures="0" tests="10" name="AutomationExerciseUsingChrome" time="317.958" errors="0" timestamp="07 mars 2021 09:54:40 GMT">
  <testcase classname="com.amazon.automationExercice.AutomationExercise" name="scenarioUsingParameters" time="29.508"/>
  <testcase classname="com.amazon.automationExercice.AutomationExercise" name="scenarioUsingParameters" time="27.721"/>
  <testcase classname="com.amazon.automationExercice.AutomationExercise" name="scenarioUsingParameters" time="28.681"/>
  <testcase classname="com.amazon.automationExercice.AutomationExercise" name="scenarioUsingParameters" time="31.452"/>
  <testcase classname="com.amazon.automationExercice.AutomationExercise" name="scenarioUsingParameters" time="29.5"/>
  <testcase classname="com.amazon.automationExercice.AutomationExercise" name="scenarioUsingParameters" time="32.377"/>
  <testcase classname="com.amazon.automationExercice.AutomationExercise" name="scenarioUsingParameters" time="27.216"/>
  <testcase classname="com.amazon.automationExercice.AutomationExercise" name="scenarioUsingParameters" time="28.355"/>
  <testcase classname="com.amazon.automationExercice.AutomationExercise" name="scenarioUsingParameters" time="26.416"/>
  <testcase classname="com.amazon.automationExercice.AutomationExercise" name="scenarioUsingParameters" time="35.264"/>
</testsuite> <!-- AutomationExerciseUsingChrome -->
