<?xml version="1.0" encoding="UTF-8"?>
<!-- Generated by org.testng.reporters.JUnitXMLReporter -->
<testsuite ignored="0" hostname="MSI" failures="0" tests="10" name="AutomationExerciseUsingFirefox" time="333.46" errors="0" timestamp="07 mars 2021 09:54:56 GMT">
  <testcase classname="com.amazon.automationExercice.AutomationExercise" name="scenarioUsingParameters" time="27.973"/>
  <testcase classname="com.amazon.automationExercice.AutomationExercise" name="scenarioUsingParameters" time="26.461"/>
  <testcase classname="com.amazon.automationExercice.AutomationExercise" name="scenarioUsingParameters" time="24.577"/>
  <testcase classname="com.amazon.automationExercice.AutomationExercise" name="scenarioUsingParameters" time="25.334"/>
  <testcase classname="com.amazon.automationExercice.AutomationExercise" name="scenarioUsingParameters" time="29.036"/>
  <testcase classname="com.amazon.automationExercice.AutomationExercise" name="scenarioUsingParameters" time="27.863"/>
  <testcase classname="com.amazon.automationExercice.AutomationExercise" name="scenarioUsingParameters" time="27.068"/>
  <testcase classname="com.amazon.automationExercice.AutomationExercise" name="scenarioUsingParameters" time="25.292"/>
  <testcase classname="com.amazon.automationExercice.AutomationExercise" name="scenarioUsingParameters" time="26.725"/>
  <testcase classname="com.amazon.automationExercice.AutomationExercise" name="scenarioUsingParameters" time="24.661"/>
</testsuite> <!-- AutomationExerciseUsingFirefox -->
