<?xml version="1.0" encoding="UTF-8"?>
<testng-results ignored="0" total="1" passed="1" failed="0" skipped="0">
  <reporter-output>
    <line>
      <![CDATA[Create driver: chrome]]>
    </line>
    <line>
      <![CDATA[Starting scenario!]]>
    </line>
    <line>
      <![CDATA[Opening page: https://www.amazon.com/]]>
    </line>
    <line>
      <![CDATA[Page opened!]]>
    </line>
    <line>
      <![CDATA[Searching for item: 'hats for men'.]]>
    </line>
    <line>
      <![CDATA[User needs to select a size!]]>
    </line>
    <line>
      <![CDATA[Hat's price is: 10.36€]]>
    </line>
    <line>
      <![CDATA[Size is available AND sold by amazon!]]>
    </line>
    <line>
      <![CDATA[Hat's price is: 10.36€]]>
    </line>
    <line>
      <![CDATA[Add item(s) to cart!]]>
    </line>
    <line>
      <![CDATA[There is a total of : 2 items in the cart.]]>
    </line>
    <line>
      <![CDATA[Total price in cart is : 20.72€]]>
    </line>
    <line>
      <![CDATA[Searching for item: 'hats for women'.]]>
    </line>
    <line>
      <![CDATA[Hat has only one size!]]>
    </line>
    <line>
      <![CDATA[Hat's price is: 15.45€]]>
    </line>
    <line>
      <![CDATA[Add item(s) to cart!]]>
    </line>
    <line>
      <![CDATA[There is a total of : 3 items in the cart.]]>
    </line>
    <line>
      <![CDATA[Total price in cart is : 36.17€]]>
    </line>
    <line>
      <![CDATA[Change item's quantity from 2 to 1.]]>
    </line>
    <line>
      <![CDATA[There is a total of : 2 items in the cart.]]>
    </line>
    <line>
      <![CDATA[Total price in cart is : 25.81€]]>
    </line>
  </reporter-output>
  <suite started-at="2021-03-05T16:34:46Z" name="AutomationExerciseTestSuite" finished-at="2021-03-05T16:35:15Z" duration-ms="29602">
    <groups>
    </groups>
    <test started-at="2021-03-05T16:34:46Z" name="AutomationExerciseUsingChrome" finished-at="2021-03-05T16:35:15Z" duration-ms="29602">
      <class name="com.amazon.automationExercice.AutomationExercise">
        <test-method is-config="true" signature="setup(java.lang.reflect.Method, java.lang.String, org.testng.ITestContext)[pri:0, instance:com.amazon.automationExercice.AutomationExercise@544d57e]" started-at="2021-03-05T16:34:46Z" name="setup" finished-at="2021-03-05T16:34:48Z" duration-ms="1643" status="PASS">
          <params>
            <param index="0">
              <value>
                <![CDATA[public void com.amazon.automationExercice.AutomationExercise.scenarioUsingParameters(java.lang.String,int,java.lang.String,int)]]>
              </value>
            </param>
            <param index="1">
              <value>
                <![CDATA[chrome]]>
              </value>
            </param>
            <param index="2">
              <value>
                <![CDATA[org.testng.TestRunner@71e693fa]]>
              </value>
            </param>
          </params>
          <reporter-output>
            <line>
              <![CDATA[Create driver: chrome]]>
            </line>
          </reporter-output>
        </test-method> <!-- setup -->
        <test-method signature="scenarioUsingParameters(java.lang.String, int, java.lang.String, int)[pri:0, instance:com.amazon.automationExercice.AutomationExercise@544d57e]" started-at="2021-03-05T16:34:48Z" name="scenarioUsingParameters" finished-at="2021-03-05T16:35:15Z" duration-ms="27421" status="PASS">
          <params>
            <param index="0">
              <value>
                <![CDATA[hats for men]]>
              </value>
            </param>
            <param index="1">
              <value>
                <![CDATA[2]]>
              </value>
            </param>
            <param index="2">
              <value>
                <![CDATA[hats for women]]>
              </value>
            </param>
            <param index="3">
              <value>
                <![CDATA[1]]>
              </value>
            </param>
          </params>
          <reporter-output>
            <line>
              <![CDATA[Starting scenario!]]>
            </line>
            <line>
              <![CDATA[Opening page: https://www.amazon.com/]]>
            </line>
            <line>
              <![CDATA[Page opened!]]>
            </line>
            <line>
              <![CDATA[Searching for item: 'hats for men'.]]>
            </line>
            <line>
              <![CDATA[User needs to select a size!]]>
            </line>
            <line>
              <![CDATA[Hat's price is: 10.36€]]>
            </line>
            <line>
              <![CDATA[Size is available AND sold by amazon!]]>
            </line>
            <line>
              <![CDATA[Hat's price is: 10.36€]]>
            </line>
            <line>
              <![CDATA[Add item(s) to cart!]]>
            </line>
            <line>
              <![CDATA[There is a total of : 2 items in the cart.]]>
            </line>
            <line>
              <![CDATA[Total price in cart is : 20.72€]]>
            </line>
            <line>
              <![CDATA[Searching for item: 'hats for women'.]]>
            </line>
            <line>
              <![CDATA[Hat has only one size!]]>
            </line>
            <line>
              <![CDATA[Hat's price is: 15.45€]]>
            </line>
            <line>
              <![CDATA[Add item(s) to cart!]]>
            </line>
            <line>
              <![CDATA[There is a total of : 3 items in the cart.]]>
            </line>
            <line>
              <![CDATA[Total price in cart is : 36.17€]]>
            </line>
            <line>
              <![CDATA[Change item's quantity from 2 to 1.]]>
            </line>
            <line>
              <![CDATA[There is a total of : 2 items in the cart.]]>
            </line>
            <line>
              <![CDATA[Total price in cart is : 25.81€]]>
            </line>
          </reporter-output>
        </test-method> <!-- scenarioUsingParameters -->
        <test-method is-config="true" signature="takeScreenshot(org.testng.ITestResult)[pri:0, instance:com.amazon.automationExercice.AutomationExercise@544d57e]" started-at="2021-03-05T16:35:15Z" name="takeScreenshot" finished-at="2021-03-05T16:35:15Z" duration-ms="0" status="PASS">
          <params>
            <param index="0">
              <value>
                <![CDATA[[TestResult name=scenarioUsingParameters status=SUCCESS method=AutomationExercise.scenarioUsingParameters(java.lang.String, int, java.lang.String, int)[pri:0, instance:com.amazon.automationExercice.AutomationExercise@544d57e] output=Starting scenario!]]]>
              </value>
            </param>
          </params>
          <reporter-output>
          </reporter-output>
        </test-method> <!-- takeScreenshot -->
        <test-method is-config="true" signature="tearDown()[pri:0, instance:com.amazon.automationExercice.AutomationExercise@544d57e]" started-at="2021-03-05T16:35:15Z" name="tearDown" finished-at="2021-03-05T16:35:15Z" duration-ms="0" status="PASS">
          <reporter-output>
          </reporter-output>
        </test-method> <!-- tearDown -->
      </class> <!-- com.amazon.automationExercice.AutomationExercise -->
    </test> <!-- AutomationExerciseUsingChrome -->
  </suite> <!-- AutomationExerciseTestSuite -->
</testng-results>
